2024-06-08 00:29:56.599 [info] Log level: Info
2024-06-08 00:29:56.599 [info] Validating found git in: "git"
2024-06-08 00:29:56.599 [info] Using git "2.45.2" from "git"
2024-06-08 00:30:22.198 [info] Log level: Info
2024-06-08 00:30:22.198 [info] Validating found git in: "git"
2024-06-08 00:30:22.198 [info] Using git "2.45.2" from "git"
2024-06-08 00:30:22.198 [info] > git rev-parse --show-toplevel [4ms]
2024-06-08 00:30:22.202 [info] > git rev-parse --git-dir --git-common-dir [1ms]
2024-06-08 00:30:22.208 [info] Open repository: /home/af/programming/conway
2024-06-08 00:30:22.213 [info] > git config --get commit.template [1ms]
2024-06-08 00:30:22.227 [info] > git for-each-ref --format=%(refname)%00%(upstream:short)%00%(objectname)%00%(upstream:track)%00%(upstream:remotename)%00%(upstream:remoteref) refs/heads/main refs/remotes/main [10ms]
2024-06-08 00:30:22.239 [info] > git status -z -uall [2ms]
2024-06-08 00:30:22.249 [info] > git merge-base refs/heads/main refs/remotes/origin/main [7ms]
2024-06-08 00:30:22.253 [info] > git rev-list --count --left-right refs/heads/main...refs/remotes/origin/main [2ms]
2024-06-08 00:30:22.256 [info] > git config --get commit.template [8ms]
2024-06-08 00:30:22.278 [info] > git diff --name-status -z --diff-filter=ADMR 7f8f7785861cc6abcaa8821ad0236e44b451464c...refs/remotes/origin/main [23ms]
2024-06-08 00:30:22.280 [info] > git for-each-ref --format=%(refname)%00%(upstream:short)%00%(objectname)%00%(upstream:track)%00%(upstream:remotename)%00%(upstream:remoteref) refs/heads/main refs/remotes/main [2ms]
2024-06-08 00:30:22.284 [info] > git status -z -uall [1ms]
2024-06-08 00:30:22.717 [info] > git check-ignore -v -z --stdin [1ms]
2024-06-08 00:30:24.662 [info] > git ls-files --stage -- /home/af/programming/conway/main.c [1ms]
2024-06-08 00:30:24.756 [info] > git show --textconv :main.c [99ms]
2024-06-08 00:30:24.756 [info] > git cat-file -s 4ff52c7d877daee66b81427b889c4406caeaf1db [92ms]
2024-06-08 00:30:39.967 [info] > git config --get commit.template [4ms]
2024-06-08 00:30:39.967 [info] > git for-each-ref --format=%(refname)%00%(upstream:short)%00%(objectname)%00%(upstream:track)%00%(upstream:remotename)%00%(upstream:remoteref) refs/heads/main refs/remotes/main [1ms]
2024-06-08 00:30:39.972 [info] > git status -z -uall [1ms]
2024-06-08 00:30:40.932 [info] Log level: Info
2024-06-08 00:30:40.932 [info] Validating found git in: "git"
2024-06-08 00:30:40.932 [info] Using git "2.45.2" from "git"
2024-06-08 00:30:40.932 [info] > git rev-parse --show-toplevel [16ms]
2024-06-08 00:30:40.941 [info] > git rev-parse --git-dir --git-common-dir [6ms]
2024-06-08 00:30:40.947 [info] Open repository: /home/af/programming/conway
2024-06-08 00:30:40.957 [info] > git rev-parse --show-toplevel [3ms]
2024-06-08 00:30:40.958 [info] > git config --get commit.template [5ms]
2024-06-08 00:30:40.963 [info] > git for-each-ref --format=%(refname)%00%(upstream:short)%00%(objectname)%00%(upstream:track)%00%(upstream:remotename)%00%(upstream:remoteref) refs/heads/main refs/remotes/main [1ms]
2024-06-08 00:30:40.967 [info] > git status -z -uall [1ms]
2024-06-08 00:30:40.977 [info] > git merge-base refs/heads/main refs/remotes/origin/main [6ms]
2024-06-08 00:30:40.981 [info] > git rev-list --count --left-right refs/heads/main...refs/remotes/origin/main [1ms]
2024-06-08 00:30:40.984 [info] > git config --get commit.template [8ms]
2024-06-08 00:30:40.989 [info] > git diff --name-status -z --diff-filter=ADMR 7f8f7785861cc6abcaa8821ad0236e44b451464c...refs/remotes/origin/main [6ms]
2024-06-08 00:30:40.989 [info] > git for-each-ref --format=%(refname)%00%(upstream:short)%00%(objectname)%00%(upstream:track)%00%(upstream:remotename)%00%(upstream:remoteref) refs/heads/main refs/remotes/main [1ms]
2024-06-08 00:30:40.993 [info] > git status -z -uall [1ms]
2024-06-08 00:30:43.249 [info] > git config --get commit.template [5ms]
2024-06-08 00:30:43.249 [info] > git for-each-ref --format=%(refname)%00%(upstream:short)%00%(objectname)%00%(upstream:track)%00%(upstream:remotename)%00%(upstream:remoteref) refs/heads/main refs/remotes/main [1ms]
2024-06-08 00:30:43.254 [info] > git status -z -uall [1ms]
2024-06-08 00:30:43.865 [info] > git merge-base refs/heads/main refs/remotes/origin/main [1ms]
2024-06-08 00:30:43.870 [info] > git rev-list --count --left-right refs/heads/main...refs/remotes/origin/main [1ms]
2024-06-08 00:30:44.421 [info] > git check-ignore -v -z --stdin [1ms]
2024-06-08 00:30:48.823 [info] > git check-ignore -v -z --stdin [0ms]
2024-06-08 00:30:50.313 [info] > git show --textconv :main.c [4ms]
2024-06-08 00:30:50.314 [info] > git ls-files --stage -- /home/af/programming/conway/main.c [0ms]
2024-06-08 00:30:50.318 [info] > git cat-file -s 4ff52c7d877daee66b81427b889c4406caeaf1db [1ms]
2024-06-08 00:31:30.781 [info] > git show --textconv :.vscode/launch.json [4ms]
2024-06-08 00:31:30.782 [info] > git ls-files --stage -- /home/af/programming/conway/.vscode/launch.json [1ms]
2024-06-08 00:31:48.495 [info] > git show --textconv :main.c [3ms]
2024-06-08 00:31:48.496 [info] > git ls-files --stage -- /home/af/programming/conway/main.c [1ms]
2024-06-08 00:31:48.499 [info] > git cat-file -s 4ff52c7d877daee66b81427b889c4406caeaf1db [0ms]
2024-06-08 00:34:00.300 [info] > git show --textconv :.vscode/launch.json [3ms]
2024-06-08 00:34:00.301 [info] > git ls-files --stage -- /home/af/programming/conway/.vscode/launch.json [1ms]
2024-06-08 00:34:42.206 [info] > git ls-files --stage -- /home/af/programming/conway/build.sh [1ms]
2024-06-08 00:34:42.245 [info] > git show --textconv :build.sh [43ms]
2024-06-08 00:34:42.245 [info] > git cat-file -s 78ccc373d630045101394aa6f06b51dbf57c7bcc [35ms]
2024-06-08 00:34:43.275 [info] > git show --textconv :main.c [4ms]
2024-06-08 00:34:43.275 [info] > git ls-files --stage -- /home/af/programming/conway/main.c [1ms]
2024-06-08 00:34:43.279 [info] > git cat-file -s 4ff52c7d877daee66b81427b889c4406caeaf1db [1ms]
