2024-06-08 00:29:55.614 [info] Added views:workbench.panel.markers.view in workbench.panel.markers
2024-06-08 00:29:55.614 [info] Added views:workbench.panel.output in workbench.panel.output
2024-06-08 00:29:55.614 [info] Added views:terminal in terminal
2024-06-08 00:29:55.614 [info] Added views:outline in workbench.view.explorer
2024-06-08 00:29:55.614 [info] Added views:workbench.scm in workbench.view.scm
2024-06-08 00:29:55.614 [info] Added views:workbench.view.search in workbench.view.search
2024-06-08 00:29:55.614 [info] Added views:timeline in workbench.view.explorer
2024-06-08 00:29:55.614 [info] Added views:workbench.explorer.emptyView in workbench.view.explorer
2024-06-08 00:29:55.685 [info] Added views:workbench.debug.variablesView,workbench.debug.watchExpressionsView,workbench.debug.callStackView,workbench.debug.breakPointsView in workbench.view.debug
2024-06-08 00:29:56.402 [info] Added views:~remote.forwardedPorts in ~remote.forwardedPortsContainer
2024-06-08 00:29:56.443 [info] Added views:workbench.panel.repl.view in workbench.panel.repl
2024-06-08 00:29:56.444 [info] Removed views:workbench.debug.breakPointsView,workbench.debug.callStackView,workbench.debug.watchExpressionsView,workbench.debug.variablesView from workbench.view.debug
2024-06-08 00:29:56.444 [info] Added views:workbench.debug.welcome in workbench.view.debug
2024-06-08 00:30:16.731 [info] Added views:workbench.panel.markers.view in workbench.panel.markers
2024-06-08 00:30:16.731 [info] Added views:workbench.panel.output in workbench.panel.output
2024-06-08 00:30:16.731 [info] Added views:terminal in terminal
2024-06-08 00:30:16.731 [info] Added views:outline in workbench.view.explorer
2024-06-08 00:30:16.731 [info] Added views:workbench.scm in workbench.view.scm
2024-06-08 00:30:16.731 [info] Added views:workbench.view.search in workbench.view.search
2024-06-08 00:30:16.731 [info] Added views:timeline in workbench.view.explorer
2024-06-08 00:30:16.731 [info] Added views:workbench.explorer.fileView in workbench.view.explorer
2024-06-08 00:30:16.818 [info] Added views:workbench.debug.variablesView,workbench.debug.watchExpressionsView,workbench.debug.callStackView,workbench.debug.breakPointsView in workbench.view.debug
2024-06-08 00:30:16.922 [info] Added views:~remote.forwardedPorts in ~remote.forwardedPortsContainer
2024-06-08 00:30:17.059 [info] Added views:workbench.panel.repl.view in workbench.panel.repl
2024-06-08 00:30:17.060 [info] Removed views:workbench.debug.breakPointsView,workbench.debug.callStackView,workbench.debug.watchExpressionsView,workbench.debug.variablesView from workbench.view.debug
2024-06-08 00:30:17.060 [info] Added views:workbench.debug.welcome in workbench.view.debug
2024-06-08 00:30:28.465 [info] Added views:workbench.debug.breakPointsView in workbench.view.debug
2024-06-08 00:30:32.724 [info] Added views:workbench.views.extensions.installed,workbench.views.extensions.popular,extensions.recommendedList in workbench.view.extensions
2024-06-08 00:30:32.727 [info] Removed views:workbench.views.extensions.popular from workbench.view.extensions
2024-06-08 00:30:32.877 [info] Added views:workbench.views.extensions.popular in workbench.view.extensions
2024-06-08 00:30:33.274 [info] Removed views:extensions.recommendedList,workbench.views.extensions.popular,workbench.views.extensions.installed from workbench.view.extensions
2024-06-08 00:30:33.280 [info] Added views:workbench.views.extensions.marketplace in workbench.view.extensions
2024-06-08 00:30:39.072 [info] Removed views:workbench.debug.welcome from workbench.view.debug
2024-06-08 00:30:39.082 [info] Added views:workbench.debug.variablesView,workbench.debug.watchExpressionsView,workbench.debug.callStackView in workbench.view.debug
2024-06-08 00:30:40.724 [info] Removed views:workbench.panel.repl.view from workbench.panel.repl
2024-06-08 00:30:40.727 [info] Removed views:workbench.debug.callStackView,workbench.debug.watchExpressionsView,workbench.debug.variablesView from workbench.view.debug
2024-06-08 00:30:40.730 [info] Added views:workbench.debug.welcome in workbench.view.debug
2024-06-08 00:30:40.790 [info] Added views:workbench.panel.repl.view in workbench.panel.repl
2024-06-08 00:30:40.791 [info] Removed views:workbench.debug.welcome from workbench.view.debug
2024-06-08 00:30:40.798 [info] Added views:workbench.debug.variablesView,workbench.debug.watchExpressionsView,workbench.debug.callStackView in workbench.view.debug
2024-06-08 00:32:04.500 [info] Removed views:workbench.views.extensions.marketplace from workbench.view.extensions
2024-06-08 00:32:04.511 [info] Added views:workbench.views.extensions.installed,workbench.views.extensions.popular,extensions.recommendedList in workbench.view.extensions
2024-06-08 00:32:05.248 [info] Removed views:extensions.recommendedList,workbench.views.extensions.popular,workbench.views.extensions.installed from workbench.view.extensions
2024-06-08 00:32:05.253 [info] Added views:workbench.views.extensions.marketplace in workbench.view.extensions
2024-06-08 00:32:50.873 [info] Removed views:workbench.views.extensions.marketplace from workbench.view.extensions
2024-06-08 00:32:50.882 [info] Added views:workbench.views.extensions.installed,workbench.views.extensions.popular,extensions.recommendedList in workbench.view.extensions
2024-06-08 00:33:04.124 [info] Removed views:extensions.recommendedList,workbench.views.extensions.popular,workbench.views.extensions.installed from workbench.view.extensions
2024-06-08 00:33:04.128 [info] Added views:workbench.views.extensions.marketplace in workbench.view.extensions
